The following packages should be updated for best compatibility with the installed expo version:
  @expo/vector-icons@14.1.0 - expected version: ^15.0.3
  @react-native-async-storage/async-storage@3.1.0 - expected version: 2.2.0
  expo-camera@16.1.11 - expected version: ~17.0.10
  expo-notifications@0.31.5 - expected version: ~0.32.17
  react-native-reanimated@3.18.2 - expected version: ~4.1.1
  react-native-screens@4.15.4 - expected version: ~4.16.0
Your project may not work correctly until you install the expected versions of the packages.
C:\Users\86180\Desktop\上帝之手\expo-app\node_modules\expo\node_modules\@expo\cli\build\src\utils\errors.js:130
    throw error;
    ^

Error: ENOENT: no such file or directory, watch 'C:\Users\86180\Desktop\上帝之手\expo-app\dist\assets\node_modules'
    at FSWatcher.<computed> (node:internal/fs/watchers:316:19)
    at Object.watch (node:fs:2538:36)
    at FallbackWatcher._watchdir (C:\Users\86180\Desktop\上帝之手\expo-app\node_modules\metro-file-map\src\watchers\FallbackWatcher.js:119:33)
    at C:\Users\86180\Desktop\上帝之手\expo-app\node_modules\metro-file-map\src\watchers\FallbackWatcher.js:219:22
    at Walker.<anonymous> (C:\Users\86180\Desktop\上帝之手\expo-app\node_modules\metro-file-map\src\watchers\FallbackWatcher.js:358:5)
    at Walker.emit (node:events:509:28)
    at C:\Users\86180\Desktop\上帝之手\expo-app\node_modules\walker\lib\walker.js:69:16
    at FSReqCallback.oncomplete (node:fs:185:23) {
  errno: -4058,
  syscall: 'watch',
  code: 'ENOENT',
  path: 'C:\\Users\\86180\\Desktop\\上帝之手\\expo-app\\dist\\assets\\node_modules',
  filename: 'C:\\Users\\86180\\Desktop\\上帝之手\\expo-app\\dist\\assets\\node_modules'
}

Node.js v24.15.0
