
> expo-app@1.0.0 web
> expo start --web --port 19007

Starting project at C:\Users\86180\Desktop\上帝之手\expo-app
Starting Metro Bundler
Waiting on http://localhost:19007
Logs for your project will appear below.
Web .\index.ts ▓░░░░░░░░░░░░░░░  7.4% (21/77)
Web .\index.ts ▓▓▓▓▓▓░░░░░░░░░░ 40.1% (237/380)
Web .\index.ts ▓▓▓▓▓▓▓▓▓▓▓▓░░░░ 79.3% (716/804)
Web Bundled 12648ms index.ts (918 modules)
 LOG  [web] Logs will appear in the browser console
Unable to resolve "./App" from "index.ts"

Import stack:

 index.ts
 | import "./App"

 
 | import "./index.ts"

 ERROR  Error: Failed to get the SHA-1 for: C:\Users\86180\Desktop\上帝之手\expo-app\index.ts.
      Potential causes:
        1) The file is not watched. Ensure it is under the configured `projectRoot` or `watchFolders`.
        2) Check `blockList` in your metro.config.js and make sure it isn't excluding the file path.
        3) The file may have been deleted since it was resolved - try refreshing your app.
        4) Otherwise, this is a bug in Metro or the configured resolver - please report it.
    at DependencyGraph.getOrComputeSha1 (C:\Users\86180\Desktop\上帝之手\expo-app\node_modules\metro\src\node-haste\DependencyGraph.js:191:13)
    at Transformer.transformFile (C:\Users\86180\Desktop\上帝之手\expo-app\node_modules\metro\src\DeltaBundler\Transformer.js:102:22)
 ERROR  Error: Failed to get the SHA-1 for: C:\Users\86180\Desktop\上帝之手\expo-app\index.ts.
      Potential causes:
        1) The file is not watched. Ensure it is under the configured `projectRoot` or `watchFolders`.
        2) Check `blockList` in your metro.config.js and make sure it isn't excluding the file path.
        3) The file may have been deleted since it was resolved - try refreshing your app.
        4) Otherwise, this is a bug in Metro or the configured resolver - please report it.
    at DependencyGraph.getOrComputeSha1 (C:\Users\86180\Desktop\上帝之手\expo-app\node_modules\metro\src\node-haste\DependencyGraph.js:191:13)
    at Transformer.transformFile (C:\Users\86180\Desktop\上帝之手\expo-app\node_modules\metro\src\DeltaBundler\Transformer.js:102:22)
› Detected a change in babel.config.js. Restart the server to see the new results. You may need to clear the bundler cache with the --clear flag for your changes to take effect.
 ERROR  Error: Failed to get the SHA-1 for: C:\Users\86180\Desktop\上帝之手\expo-app\index.ts.
      Potential causes:
        1) The file is not watched. Ensure it is under the configured `projectRoot` or `watchFolders`.
        2) Check `blockList` in your metro.config.js and make sure it isn't excluding the file path.
        3) The file may have been deleted since it was resolved - try refreshing your app.
        4) Otherwise, this is a bug in Metro or the configured resolver - please report it.
    at DependencyGraph.getOrComputeSha1 (C:\Users\86180\Desktop\上帝之手\expo-app\node_modules\metro\src\node-haste\DependencyGraph.js:191:13)
    at Transformer.transformFile (C:\Users\86180\Desktop\上帝之手\expo-app\node_modules\metro\src\DeltaBundler\Transformer.js:102:22)
 ERROR  Error: Failed to get the SHA-1 for: C:\Users\86180\Desktop\上帝之手\expo-app\index.ts.
      Potential causes:
        1) The file is not watched. Ensure it is under the configured `projectRoot` or `watchFolders`.
        2) Check `blockList` in your metro.config.js and make sure it isn't excluding the file path.
        3) The file may have been deleted since it was resolved - try refreshing your app.
        4) Otherwise, this is a bug in Metro or the configured resolver - please report it.
    at DependencyGraph.getOrComputeSha1 (C:\Users\86180\Desktop\上帝之手\expo-app\node_modules\metro\src\node-haste\DependencyGraph.js:191:13)
    at Transformer.transformFile (C:\Users\86180\Desktop\上帝之手\expo-app\node_modules\metro\src\DeltaBundler\Transformer.js:102:22)
 ERROR  Error: Failed to get the SHA-1 for: C:\Users\86180\Desktop\上帝之手\expo-app\index.ts.
      Potential causes:
        1) The file is not watched. Ensure it is under the configured `projectRoot` or `watchFolders`.
        2) Check `blockList` in your metro.config.js and make sure it isn't excluding the file path.
        3) The file may have been deleted since it was resolved - try refreshing your app.
        4) Otherwise, this is a bug in Metro or the configured resolver - please report it.
    at DependencyGraph.getOrComputeSha1 (C:\Users\86180\Desktop\上帝之手\expo-app\node_modules\metro\src\node-haste\DependencyGraph.js:191:13)
    at Transformer.transformFile (C:\Users\86180\Desktop\上帝之手\expo-app\node_modules\metro\src\DeltaBundler\Transformer.js:102:22)
 ERROR  Error: Failed to get the SHA-1 for: C:\Users\86180\Desktop\上帝之手\expo-app\index.ts.
      Potential causes:
        1) The file is not watched. Ensure it is under the configured `projectRoot` or `watchFolders`.
        2) Check `blockList` in your metro.config.js and make sure it isn't excluding the file path.
        3) The file may have been deleted since it was resolved - try refreshing your app.
        4) Otherwise, this is a bug in Metro or the configured resolver - please report it.
    at DependencyGraph.getOrComputeSha1 (C:\Users\86180\Desktop\上帝之手\expo-app\node_modules\metro\src\node-haste\DependencyGraph.js:191:13)
    at Transformer.transformFile (C:\Users\86180\Desktop\上帝之手\expo-app\node_modules\metro\src\DeltaBundler\Transformer.js:102:22)
 WARN  The package C:\Users\86180\Desktop\上帝之手\expo-app\node_modules\use-latest-callback contains an invalid package.json configuration. Consider raising this issue with the package maintainer(s).
Reason: The resolution for "C:\Users\86180\Desktop\上帝之手\expo-app\node_modules\use-latest-callback" defined in "exports" is C:\Users\86180\Desktop\上帝之手\expo-app\node_modules\use-latest-callback\esm.mjs, however this file does not exist. Falling back to file-based resolution.
 ERROR  Error: Failed to get the SHA-1 for: C:\Users\86180\Desktop\上帝之手\expo-app\index.ts.
      Potential causes:
        1) The file is not watched. Ensure it is under the configured `projectRoot` or `watchFolders`.
        2) Check `blockList` in your metro.config.js and make sure it isn't excluding the file path.
        3) The file may have been deleted since it was resolved - try refreshing your app.
        4) Otherwise, this is a bug in Metro or the configured resolver - please report it.
    at DependencyGraph.getOrComputeSha1 (C:\Users\86180\Desktop\上帝之手\expo-app\node_modules\metro\src\node-haste\DependencyGraph.js:191:13)
    at Transformer.transformFile (C:\Users\86180\Desktop\上帝之手\expo-app\node_modules\metro\src\DeltaBundler\Transformer.js:102:22)
› Detected a change in babel.config.js. Restart the server to see the new results. You may need to clear the bundler cache with the --clear flag for your changes to take effect.
 WARN  The package C:\Users\86180\Desktop\上帝之手\expo-app\node_modules\use-latest-callback contains an invalid package.json configuration. Consider raising this issue with the package maintainer(s).
Reason: The resolution for "C:\Users\86180\Desktop\上帝之手\expo-app\node_modules\use-latest-callback" defined in "exports" is C:\Users\86180\Desktop\上帝之手\expo-app\node_modules\use-latest-callback\esm.mjs, however this file does not exist. Falling back to file-based resolution.
 WARN  The package C:\Users\86180\Desktop\上帝之手\expo-app\node_modules\@react-navigation\native-stack contains an invalid package.json configuration. Consider raising this issue with the package maintainer(s).
Reason: The resolution for "C:\Users\86180\Desktop\上帝之手\expo-app\node_modules\@react-navigation\native-stack" defined in "exports" is C:\Users\86180\Desktop\上帝之手\expo-app\node_modules\@react-navigation\native-stack\lib\module\index.js, however this file does not exist. Falling back to file-based resolution.
Unable to resolve "react-native-web/dist/exports/Text" from "screens\DietScreen.tsx"
[0m[31m[1m>[22m[39m[90m 1 |[39m [36mimport[39m { useState } [36mfrom[39m [32m'react'[39m[33m;[39m
 [90m 2 |[39m [36mimport[39m { [33mStyleSheet[39m[33m,[39m [33mText[39m[33m,[39m [33mView[39m } [36mfrom[39m [32m'react-native'[39m[33m;[39m
 [90m 3 |[39m [36mimport[39m { [33mIonicons[39m } [36mfrom[39m [32m'@expo/vector-icons'[39m[33m;[39m
 [90m 4 |[39m [36mimport[39m { type [33mNativeStackScreenProps[39m } [36mfrom[39m [32m'@react-navigation/native-stack'[39m[33m;[39m[0m

Import stack:

 screens\DietScreen.tsx
 | import "react-native-web/dist/exports/Text"

 App.tsx
 | import "./screens/DietScreen"

 index.ts
 | import "./App"

 
 | import "./index.ts"

 WARN  The package C:\Users\86180\Desktop\上帝之手\expo-app\node_modules\@react-navigation\native-stack contains an invalid package.json configuration. Consider raising this issue with the package maintainer(s).
Reason: The resolution for "C:\Users\86180\Desktop\上帝之手\expo-app\node_modules\@react-navigation\native-stack" defined in "exports" is C:\Users\86180\Desktop\上帝之手\expo-app\node_modules\@react-navigation\native-stack\lib\module\index.js, however this file does not exist. Falling back to file-based resolution.
Unable to resolve "react-native-web/dist/exports/Text" from "screens\DietScreen.tsx"
[0m[31m[1m>[22m[39m[90m 1 |[39m [36mimport[39m { useState } [36mfrom[39m [32m'react'[39m[33m;[39m
 [90m 2 |[39m [36mimport[39m { [33mStyleSheet[39m[33m,[39m [33mText[39m[33m,[39m [33mView[39m } [36mfrom[39m [32m'react-native'[39m[33m;[39m
 [90m 3 |[39m [36mimport[39m { [33mIonicons[39m } [36mfrom[39m [32m'@expo/vector-icons'[39m[33m;[39m
 [90m 4 |[39m [36mimport[39m { type [33mNativeStackScreenProps[39m } [36mfrom[39m [32m'@react-navigation/native-stack'[39m[33m;[39m[0m

Import stack:

 screens\DietScreen.tsx
 | import "react-native-web/dist/exports/Text"

 App.tsx
 | import "./screens/DietScreen"

 index.ts
 | import "./App"

 
 | import "./index.ts"

 WARN  The package C:\Users\86180\Desktop\上帝之手\expo-app\node_modules\use-latest-callback contains an invalid package.json configuration. Consider raising this issue with the package maintainer(s).
Reason: The resolution for "C:\Users\86180\Desktop\上帝之手\expo-app\node_modules\use-latest-callback" defined in "exports" is C:\Users\86180\Desktop\上帝之手\expo-app\node_modules\use-latest-callback\esm.mjs, however this file does not exist. Falling back to file-based resolution.
 WARN  The package C:\Users\86180\Desktop\上帝之手\expo-app\node_modules\@react-navigation\native-stack contains an invalid package.json configuration. Consider raising this issue with the package maintainer(s).
Reason: The resolution for "C:\Users\86180\Desktop\上帝之手\expo-app\node_modules\@react-navigation\native-stack" defined in "exports" is C:\Users\86180\Desktop\上帝之手\expo-app\node_modules\@react-navigation\native-stack\lib\module\index.js, however this file does not exist. Falling back to file-based resolution.
Unable to resolve "react-native-web/dist/exports/Text" from "screens\DietScreen.tsx"
[0m[31m[1m>[22m[39m[90m 1 |[39m [36mimport[39m { useState } [36mfrom[39m [32m'react'[39m[33m;[39m
 [90m 2 |[39m [36mimport[39m { [33mStyleSheet[39m[33m,[39m [33mText[39m[33m,[39m [33mView[39m } [36mfrom[39m [32m'react-native'[39m[33m;[39m
 [90m 3 |[39m [36mimport[39m { [33mIonicons[39m } [36mfrom[39m [32m'@expo/vector-icons'[39m[33m;[39m
 [90m 4 |[39m [36mimport[39m { type [33mNativeStackScreenProps[39m } [36mfrom[39m [32m'@react-navigation/native-stack'[39m[33m;[39m[0m

Import stack:

 screens\DietScreen.tsx
 | import "react-native-web/dist/exports/Text"

 App.tsx
 | import "./screens/DietScreen"

 index.ts
 | import "./App"

 
 | import "./index.ts"

› Detected a change in babel.config.js. Restart the server to see the new results. You may need to clear the bundler cache with the --clear flag for your changes to take effect.
 WARN  The package C:\Users\86180\Desktop\上帝之手\expo-app\node_modules\use-latest-callback contains an invalid package.json configuration. Consider raising this issue with the package maintainer(s).
Reason: The resolution for "C:\Users\86180\Desktop\上帝之手\expo-app\node_modules\use-latest-callback" defined in "exports" is C:\Users\86180\Desktop\上帝之手\expo-app\node_modules\use-latest-callback\esm.mjs, however this file does not exist. Falling back to file-based resolution.
Unable to resolve "react-native-web/dist/exports/Text" from "screens\DietScreen.tsx"

Import stack:

 screens\DietScreen.tsx
 | import "react-native-web/dist/exports/Text"

 App.tsx
 | import "./screens/DietScreen"

 index.ts
 | import "./App"

 
 | import "./index.ts"

› Detected a change in babel.config.js. Restart the server to see the new results. You may need to clear the bundler cache with the --clear flag for your changes to take effect.
 WARN  The package C:\Users\86180\Desktop\上帝之手\expo-app\node_modules\use-latest-callback contains an invalid package.json configuration. Consider raising this issue with the package maintainer(s).
Reason: The resolution for "C:\Users\86180\Desktop\上帝之手\expo-app\node_modules\use-latest-callback" defined in "exports" is C:\Users\86180\Desktop\上帝之手\expo-app\node_modules\use-latest-callback\esm.mjs, however this file does not exist. Falling back to file-based resolution.
 WARN  The package C:\Users\86180\Desktop\上帝之手\expo-app\node_modules\@react-navigation\native-stack contains an invalid package.json configuration. Consider raising this issue with the package maintainer(s).
Reason: The resolution for "C:\Users\86180\Desktop\上帝之手\expo-app\node_modules\@react-navigation\native-stack" defined in "exports" is C:\Users\86180\Desktop\上帝之手\expo-app\node_modules\@react-navigation\native-stack\lib\module\index.js, however this file does not exist. Falling back to file-based resolution.
Unable to resolve "react-native-web/dist/exports/Text" from "screens\DietScreen.tsx"
[0m[31m[1m>[22m[39m[90m 1 |[39m [36mimport[39m { useState } [36mfrom[39m [32m'react'[39m[33m;[39m
 [90m 2 |[39m [36mimport[39m { [33mStyleSheet[39m[33m,[39m [33mText[39m[33m,[39m [33mView[39m } [36mfrom[39m [32m'react-native'[39m[33m;[39m
 [90m 3 |[39m [36mimport[39m { [33mIonicons[39m } [36mfrom[39m [32m'@expo/vector-icons'[39m[33m;[39m
 [90m 4 |[39m [36mimport[39m { type [33mNativeStackScreenProps[39m } [36mfrom[39m [32m'@react-navigation/native-stack'[39m[33m;[39m[0m

Import stack:

 screens\DietScreen.tsx
 | import "react-native-web/dist/exports/Text"

 App.tsx
 | import "./screens/DietScreen"

 index.ts
 | import "./App"

 
 | import "./index.ts"

 WARN  The package C:\Users\86180\Desktop\上帝之手\expo-app\node_modules\@react-navigation\native-stack contains an invalid package.json configuration. Consider raising this issue with the package maintainer(s).
Reason: The resolution for "C:\Users\86180\Desktop\上帝之手\expo-app\node_modules\@react-navigation\native-stack" defined in "exports" is C:\Users\86180\Desktop\上帝之手\expo-app\node_modules\@react-navigation\native-stack\lib\module\index.js, however this file does not exist. Falling back to file-based resolution.
Unable to resolve "react-native-web/dist/exports/Text" from "components\ErrorBoundary.tsx"
[0m[31m[1m>[22m[39m[90m 1 |[39m [36mimport[39m { [33mComponent[39m[33m,[39m type [33mReactNode[39m } [36mfrom[39m [32m'react'[39m[33m;[39m
 [90m 2 |[39m [36mimport[39m { [33mStyleSheet[39m[33m,[39m [33mText[39m[33m,[39m [33mTouchableOpacity[39m[33m,[39m [33mView[39m } [36mfrom[39m [32m'react-native'[39m[33m;[39m
 [90m 3 |[39m
 [90m 4 |[39m [36mimport[39m [33mScreenContainer[39m [36mfrom[39m [32m'./ScreenContainer'[39m[33m;[39m[0m

Import stack:

 components\ErrorBoundary.tsx
 | import "react-native-web/dist/exports/Text"

 App.tsx
 | import "./components/ErrorBoundary"

 index.ts
 | import "./App"

 
 | import "./index.ts"

 WARN  The package C:\Users\86180\Desktop\上帝之手\expo-app\node_modules\use-latest-callback contains an invalid package.json configuration. Consider raising this issue with the package maintainer(s).
Reason: The resolution for "C:\Users\86180\Desktop\上帝之手\expo-app\node_modules\use-latest-callback" defined in "exports" is C:\Users\86180\Desktop\上帝之手\expo-app\node_modules\use-latest-callback\esm.mjs, however this file does not exist. Falling back to file-based resolution.
 WARN  The package C:\Users\86180\Desktop\上帝之手\expo-app\node_modules\@react-navigation\native-stack contains an invalid package.json configuration. Consider raising this issue with the package maintainer(s).
Reason: The resolution for "C:\Users\86180\Desktop\上帝之手\expo-app\node_modules\@react-navigation\native-stack" defined in "exports" is C:\Users\86180\Desktop\上帝之手\expo-app\node_modules\@react-navigation\native-stack\lib\module\index.js, however this file does not exist. Falling back to file-based resolution.
Unable to resolve "react-native-web/dist/exports/Text" from "components\ErrorBoundary.tsx"
[0m[31m[1m>[22m[39m[90m 1 |[39m [36mimport[39m { [33mComponent[39m[33m,[39m type [33mReactNode[39m } [36mfrom[39m [32m'react'[39m[33m;[39m
 [90m 2 |[39m [36mimport[39m { [33mStyleSheet[39m[33m,[39m [33mText[39m[33m,[39m [33mTouchableOpacity[39m[33m,[39m [33mView[39m } [36mfrom[39m [32m'react-native'[39m[33m;[39m
 [90m 3 |[39m
 [90m 4 |[39m [36mimport[39m [33mScreenContainer[39m [36mfrom[39m [32m'./ScreenContainer'[39m[33m;[39m[0m

Import stack:

 components\ErrorBoundary.tsx
 | import "react-native-web/dist/exports/Text"

 App.tsx
 | import "./components/ErrorBoundary"

 index.ts
 | import "./App"

 
 | import "./index.ts"

 WARN  The package C:\Users\86180\Desktop\上帝之手\expo-app\node_modules\use-latest-callback contains an invalid package.json configuration. Consider raising this issue with the package maintainer(s).
Reason: The resolution for "C:\Users\86180\Desktop\上帝之手\expo-app\node_modules\use-latest-callback" defined in "exports" is C:\Users\86180\Desktop\上帝之手\expo-app\node_modules\use-latest-callback\esm.mjs, however this file does not exist. Falling back to file-based resolution.
 WARN  The package C:\Users\86180\Desktop\上帝之手\expo-app\node_modules\@react-navigation\native-stack contains an invalid package.json configuration. Consider raising this issue with the package maintainer(s).
Reason: The resolution for "C:\Users\86180\Desktop\上帝之手\expo-app\node_modules\@react-navigation\native-stack" defined in "exports" is C:\Users\86180\Desktop\上帝之手\expo-app\node_modules\@react-navigation\native-stack\lib\module\index.js, however this file does not exist. Falling back to file-based resolution.
Unable to resolve "react-native-web/dist/exports/Text" from "screens\BasicInfoScreen.tsx"
[0m[31m[1m>[22m[39m[90m 1 |[39m [36mimport[39m { useCallback[33m,[39m useState } [36mfrom[39m [32m'react'[39m[33m;[39m
 [90m 2 |[39m [36mimport[39m { [33mStyleSheet[39m[33m,[39m [33mText[39m[33m,[39m [33mTextInput[39m[33m,[39m [33mTouchableOpacity[39m[33m,[39m [33mView[39m } [36mfrom[39m [32m'react-native'[39m[33m;[39m
 [90m 3 |[39m [36mimport[39m { type [33mNativeStackScreenProps[39m } [36mfrom[39m [32m'@react-navigation/native-stack'[39m[33m;[39m
 [90m 4 |[39m[0m

Import stack:

 screens\BasicInfoScreen.tsx
 | import "react-native-web/dist/exports/Text"

 App.tsx
 | import "./screens/BasicInfoScreen"

 index.ts
 | import "./App"

 
 | import "./index.ts"

 WARN  The package C:\Users\86180\Desktop\上帝之手\expo-app\node_modules\use-latest-callback contains an invalid package.json configuration. Consider raising this issue with the package maintainer(s).
Reason: The resolution for "C:\Users\86180\Desktop\上帝之手\expo-app\node_modules\use-latest-callback" defined in "exports" is C:\Users\86180\Desktop\上帝之手\expo-app\node_modules\use-latest-callback\esm.mjs, however this file does not exist. Falling back to file-based resolution.
 WARN  The package C:\Users\86180\Desktop\上帝之手\expo-app\node_modules\@react-navigation\native-stack contains an invalid package.json configuration. Consider raising this issue with the package maintainer(s).
Reason: The resolution for "C:\Users\86180\Desktop\上帝之手\expo-app\node_modules\@react-navigation\native-stack" defined in "exports" is C:\Users\86180\Desktop\上帝之手\expo-app\node_modules\@react-navigation\native-stack\lib\module\index.js, however this file does not exist. Falling back to file-based resolution.
Unable to resolve "react-native-web/dist/exports/Text" from "screens\GoalSelectScreen.tsx"
[0m[31m[1m>[22m[39m[90m 1 |[39m [36mimport[39m { useMemo[33m,[39m useState } [36mfrom[39m [32m'react'[39m[33m;[39m
 [90m 2 |[39m [36mimport[39m {
 [90m 3 |[39m   [33mLayoutChangeEvent[39m[33m,[39m
 [90m 4 |[39m   [33mPanResponder[39m[33m,[39m[0m

Import stack:

 screens\GoalSelectScreen.tsx
 | import "react-native-web/dist/exports/Text"

 App.tsx
 | import "./screens/GoalSelectScreen"

 index.ts
 | import "./App"

 
 | import "./index.ts"

 WARN  The package C:\Users\86180\Desktop\上帝之手\expo-app\node_modules\@react-navigation\native-stack contains an invalid package.json configuration. Consider raising this issue with the package maintainer(s).
Reason: The resolution for "C:\Users\86180\Desktop\上帝之手\expo-app\node_modules\@react-navigation\native-stack" defined in "exports" is C:\Users\86180\Desktop\上帝之手\expo-app\node_modules\@react-navigation\native-stack\lib\module\index.js, however this file does not exist. Falling back to file-based resolution.
Unable to resolve "react-native-web/dist/exports/ScrollView" from "screens\DietScreen.tsx"
[0m[31m[1m>[22m[39m[90m 1 |[39m [36mimport[39m { useEffect[33m,[39m useMemo[33m,[39m useState } [36mfrom[39m [32m'react'[39m[33m;[39m
 [90m 2 |[39m [36mimport[39m { [33mScrollView[39m[33m,[39m [33mStyleSheet[39m[33m,[39m [33mText[39m[33m,[39m [33mView[39m } [36mfrom[39m [32m'react-native'[39m[33m;[39m
 [90m 3 |[39m [36mimport[39m { [33mIonicons[39m } [36mfrom[39m [32m'@expo/vector-icons'[39m[33m;[39m
 [90m 4 |[39m [36mimport[39m { [33mLinearGradient[39m } [36mfrom[39m [32m'expo-linear-gradient'[39m[33m;[39m[0m

Import stack:

 screens\DietScreen.tsx
 | import "react-native-web/dist/exports/ScrollView"

 App.tsx
 | import "./screens/DietScreen"

 index.ts
 | import "./App"

 
 | import "./index.ts"

 WARN  The package C:\Users\86180\Desktop\上帝之手\expo-app\node_modules\use-latest-callback contains an invalid package.json configuration. Consider raising this issue with the package maintainer(s).
Reason: The resolution for "C:\Users\86180\Desktop\上帝之手\expo-app\node_modules\use-latest-callback" defined in "exports" is C:\Users\86180\Desktop\上帝之手\expo-app\node_modules\use-latest-callback\esm.mjs, however this file does not exist. Falling back to file-based resolution.
 WARN  The package C:\Users\86180\Desktop\上帝之手\expo-app\node_modules\@react-navigation\native-stack contains an invalid package.json configuration. Consider raising this issue with the package maintainer(s).
Reason: The resolution for "C:\Users\86180\Desktop\上帝之手\expo-app\node_modules\@react-navigation\native-stack" defined in "exports" is C:\Users\86180\Desktop\上帝之手\expo-app\node_modules\@react-navigation\native-stack\lib\module\index.js, however this file does not exist. Falling back to file-based resolution.
