0 verbose cli C:\Program Files\nodejs\node.exe C:\Program Files\nodejs\node_modules\npm\bin\npm-cli.js
1 info using npm@11.12.1
2 info using node@v24.15.0
3 silly config load:file:C:\Program Files\nodejs\node_modules\npm\npmrc
4 silly config load:file:C:\Users\86180\.npmrc
5 silly config load:file:C:\Users\86180\Desktop\上帝之手\.npmrc
6 silly config load:file:C:\Users\86180\AppData\Roaming\npm\etc\npmrc
7 verbose title npm pack expo-template-blank-typescript@latest
8 verbose argv "pack" "expo-template-blank-typescript@latest" "--json"
9 verbose logfile logs-max:10 dir:C:\Users\86180\Desktop\上帝之手\.cache\npm\_logs\2026-05-21T12_31_27_658Z-
10 verbose logfile C:\Users\86180\Desktop\上帝之手\.cache\npm\_logs\2026-05-21T12_31_27_658Z-debug-0.log
11 silly logfile done cleaning log files
12 http fetch GET 200 https://registry.npmjs.org/expo-template-blank-typescript 896ms (cache revalidated)
13 http fetch GET 200 https://registry.npmjs.org/expo-template-blank-typescript 231ms (cache revalidated)
14 http fetch GET 200 https://registry.npmjs.org/expo-template-blank-typescript/-/expo-template-blank-typescript-54.0.44.tgz 796ms (cache revalidated)
15 verbose cwd C:\Users\86180\AppData\Local\Temp\.create-expo-app\template-cache
16 verbose os Windows_NT 10.0.26200
17 verbose node v24.15.0
18 verbose npm  v11.12.1
19 verbose exit 0
20 info ok
