0 verbose cli C:\Program Files\nodejs\node.exe C:\Program Files\nodejs\node_modules\npm\bin\npm-cli.js
1 info using npm@11.12.1
2 info using node@v24.15.0
3 silly config load:file:C:\Program Files\nodejs\node_modules\npm\npmrc
4 silly config load:file:C:\Users\86180\.npmrc
5 silly config load:file:C:\Users\86180\AppData\Roaming\npm\etc\npmrc
6 verbose title npm exec create-expo-app@latest expo-app --template blank-typescript --yes
7 verbose argv "exec" "--" "create-expo-app@latest" "expo-app" "--template" "blank-typescript" "--yes"
8 verbose logfile logs-max:10 dir:C:\Users\86180\Desktop\上帝之手\.cache\npm\_logs\2026-05-21T12_30_54_257Z-
9 verbose logfile C:\Users\86180\Desktop\上帝之手\.cache\npm\_logs\2026-05-21T12_30_54_257Z-debug-0.log
10 silly logfile done cleaning log files
11 silly packumentCache heap:4496293888 maxSize:1124073472 maxEntrySize:562036736
12 http fetch GET 200 https://registry.npmjs.org/create-expo-app 1372ms (cache miss)
13 silly packumentCache heap:4496293888 maxSize:1124073472 maxEntrySize:562036736
14 silly packumentCache heap:4496293888 maxSize:1124073472 maxEntrySize:562036736
15 warn exec The following package was not found and will be installed: create-expo-app@4.0.0
16 silly idealTree buildDeps
17 silly fetch manifest create-expo-app@4.0.0
18 silly packumentCache full:https://registry.npmjs.org/create-expo-app cache-miss
19 http fetch GET 200 https://registry.npmjs.org/create-expo-app 729ms (cache miss)
20 silly packumentCache full:https://registry.npmjs.org/create-expo-app set size:undefined disposed:false
21 silly placeDep ROOT create-expo-app@4.0.0 OK for:  want: 4.0.0
22 silly reify moves {}
23 silly audit bulk request { 'create-expo-app': [ '4.0.0' ] }
24 http cache create-expo-app@https://registry.npmjs.org/create-expo-app/-/create-expo-app-4.0.0.tgz 0ms (cache hit)
25 silly tarball no local data for create-expo-app@https://registry.npmjs.org/create-expo-app/-/create-expo-app-4.0.0.tgz. Extracting by manifest.
26 http fetch POST 200 https://registry.npmjs.org/-/npm/v1/security/advisories/bulk 266ms
27 silly audit report {}
28 http fetch GET 200 https://registry.npmjs.org/npm 3797ms
29 http fetch GET 200 https://registry.npmjs.org/create-expo-app/-/create-expo-app-4.0.0.tgz 3406ms (cache miss)
30 verbose cwd C:\Users\86180\Desktop\上帝之手
31 verbose os Windows_NT 10.0.26200
32 verbose node v24.15.0
33 verbose npm  v11.12.1
34 notice
34 notice New minor version of npm available! 11.12.1 -> 11.15.0
34 notice Changelog: https://github.com/npm/cli/releases/tag/v11.15.0
34 notice To update run: npm install -g npm@11.15.0
34 notice  { force: true, Symbol(proc-log.meta): true }
35 verbose exit 1
36 verbose code 1
